<?xml version="1.0" encoding="UTF-8"?>
<testsuites>
  <testsuite name="Project Test Suite" tests="27" assertions="70" errors="0" failures="0" skipped="0" time="2.614116">
    <testsuite name="Tests\AppBundle\Controller\DefaultControllerTest" file="/home/jayraj/Documents/Learning/TDD/phpunit/tests/AppBundle/Controller/DefaultControllerTest.php" tests="3" assertions="3" errors="0" failures="0" skipped="0" time="1.889156">
      <testcase name="testEnclosuresAreShownOnHomepage" class="Tests\AppBundle\Controller\DefaultControllerTest" classname="Tests.AppBundle.Controller.DefaultControllerTest" file="/home/jayraj/Documents/Learning/TDD/phpunit/tests/AppBundle/Controller/DefaultControllerTest.php" line="11" assertions="1" time="0.606136"/>
      <testcase name="testThatThereIsAnAlarmButtonWithoutSecurity" class="Tests\AppBundle\Controller\DefaultControllerTest" classname="Tests.AppBundle.Controller.DefaultControllerTest" file="/home/jayraj/Documents/Learning/TDD/phpunit/tests/AppBundle/Controller/DefaultControllerTest.php" line="26" assertions="1" time="0.337324"/>
      <testcase name="testItGrowsADinosaurFromSpecification" class="Tests\AppBundle\Controller\DefaultControllerTest" classname="Tests.AppBundle.Controller.DefaultControllerTest" file="/home/jayraj/Documents/Learning/TDD/phpunit/tests/AppBundle/Controller/DefaultControllerTest.php" line="43" assertions="1" time="0.945696"/>
    </testsuite>
    <testsuite name="Tests\AppBundle\Entity\DinosaurTest" file="/home/jayraj/Documents/Learning/TDD/phpunit/tests/AppBundle/Entity/DinosaurTest.php" tests="4" assertions="5" errors="0" failures="0" skipped="0" time="0.007525">
      <testcase name="testSettingLength" class="Tests\AppBundle\Entity\DinosaurTest" classname="Tests.AppBundle.Entity.DinosaurTest" file="/home/jayraj/Documents/Learning/TDD/phpunit/tests/AppBundle/Entity/DinosaurTest.php" line="10" assertions="2" time="0.002831"/>
      <testcase name="testDinosaurNotShrunk" class="Tests\AppBundle\Entity\DinosaurTest" classname="Tests.AppBundle.Entity.DinosaurTest" file="/home/jayraj/Documents/Learning/TDD/phpunit/tests/AppBundle/Entity/DinosaurTest.php" line="20" assertions="1" time="0.001569"/>
      <testcase name="testReturnsFullSpecificationOfDinosaur" class="Tests\AppBundle\Entity\DinosaurTest" classname="Tests.AppBundle.Entity.DinosaurTest" file="/home/jayraj/Documents/Learning/TDD/phpunit/tests/AppBundle/Entity/DinosaurTest.php" line="29" assertions="1" time="0.001397"/>
      <testcase name="testReturnsFullSpecificationForTyrannosaurus" class="Tests\AppBundle\Entity\DinosaurTest" classname="Tests.AppBundle.Entity.DinosaurTest" file="/home/jayraj/Documents/Learning/TDD/phpunit/tests/AppBundle/Entity/DinosaurTest.php" line="38" assertions="1" time="0.001728"/>
    </testsuite>
    <testsuite name="Tests\AppBundle\Entity\EnclosureTest" file="/home/jayraj/Documents/Learning/TDD/phpunit/tests/AppBundle/Entity/EnclosureTest.php" tests="5" assertions="6" errors="0" failures="0" skipped="0" time="0.015194">
      <testcase name="testItHasNoDinosaursByDefault" class="Tests\AppBundle\Entity\EnclosureTest" classname="Tests.AppBundle.Entity.EnclosureTest" file="/home/jayraj/Documents/Learning/TDD/phpunit/tests/AppBundle/Entity/EnclosureTest.php" line="13" assertions="1" time="0.001942"/>
      <testcase name="testItAddsDinosaurs" class="Tests\AppBundle\Entity\EnclosureTest" classname="Tests.AppBundle.Entity.EnclosureTest" file="/home/jayraj/Documents/Learning/TDD/phpunit/tests/AppBundle/Entity/EnclosureTest.php" line="19" assertions="1" time="0.003277"/>
      <testcase name="testItDoesNotAllowCarnivorousDinosToMixWithHerbivores" class="Tests\AppBundle\Entity\EnclosureTest" classname="Tests.AppBundle.Entity.EnclosureTest" file="/home/jayraj/Documents/Learning/TDD/phpunit/tests/AppBundle/Entity/EnclosureTest.php" line="28" assertions="1" time="0.003772"/>
      <testcase name="testItDoesNotAllowToAddNonCarnivorousDinosaursToCarnivorousEnclosure" class="Tests\AppBundle\Entity\EnclosureTest" classname="Tests.AppBundle.Entity.EnclosureTest" file="/home/jayraj/Documents/Learning/TDD/phpunit/tests/AppBundle/Entity/EnclosureTest.php" line="41" assertions="1" time="0.003686"/>
      <testcase name="testItDoesNotAllowToAddDinosToUnsecureEnclosures" class="Tests\AppBundle\Entity\EnclosureTest" classname="Tests.AppBundle.Entity.EnclosureTest" file="/home/jayraj/Documents/Learning/TDD/phpunit/tests/AppBundle/Entity/EnclosureTest.php" line="50" assertions="2" time="0.002517"/>
    </testsuite>
    <testsuite name="Tests\AppBundle\Factory\DinosaurFactoryTest" file="/home/jayraj/Documents/Learning/TDD/phpunit/tests/AppBundle/Factory/DinosaurFactoryTest.php" tests="4" assertions="13" errors="0" failures="0" skipped="0" time="0.032583">
      <testcase name="testItGrowsALargeVelociraptor" class="Tests\AppBundle\Factory\DinosaurFactoryTest" classname="Tests.AppBundle.Factory.DinosaurFactoryTest" file="/home/jayraj/Documents/Learning/TDD/phpunit/tests/AppBundle/Factory/DinosaurFactoryTest.php" line="25" assertions="4" time="0.011903"/>
      <testsuite name="Tests\AppBundle\Factory\DinosaurFactoryTest::testItGrowsADinosaurFromSpecification" tests="3" assertions="9" errors="0" failures="0" skipped="0" time="0.020680">
        <testcase name="testItGrowsADinosaurFromSpecification with data set #0" class="Tests\AppBundle\Factory\DinosaurFactoryTest" classname="Tests.AppBundle.Factory.DinosaurFactoryTest" file="/home/jayraj/Documents/Learning/TDD/phpunit/tests/AppBundle/Factory/DinosaurFactoryTest.php" line="50" assertions="3" time="0.010484"/>
        <testcase name="testItGrowsADinosaurFromSpecification with data set &quot;default response&quot;" class="Tests\AppBundle\Factory\DinosaurFactoryTest" classname="Tests.AppBundle.Factory.DinosaurFactoryTest" file="/home/jayraj/Documents/Learning/TDD/phpunit/tests/AppBundle/Factory/DinosaurFactoryTest.php" line="50" assertions="3" time="0.005469"/>
        <testcase name="testItGrowsADinosaurFromSpecification with data set #1" class="Tests\AppBundle\Factory\DinosaurFactoryTest" classname="Tests.AppBundle.Factory.DinosaurFactoryTest" file="/home/jayraj/Documents/Learning/TDD/phpunit/tests/AppBundle/Factory/DinosaurFactoryTest.php" line="50" assertions="3" time="0.004727"/>
      </testsuite>
    </testsuite>
    <testsuite name="Tests\AppBundle\Service\DinosaurLengthDeterminatorTest" file="/home/jayraj/Documents/Learning/TDD/phpunit/tests/AppBundle/Service/DinosaurLengthDeterminatorTest.php" tests="8" assertions="32" errors="0" failures="0" skipped="0" time="0.035067">
      <testsuite name="Tests\AppBundle\Service\DinosaurLengthDeterminatorTest::testItReturnsCorrectLengthRange" tests="8" assertions="32" errors="0" failures="0" skipped="0" time="0.035067">
        <testcase name="testItReturnsCorrectLengthRange with data set #0" class="Tests\AppBundle\Service\DinosaurLengthDeterminatorTest" classname="Tests.AppBundle.Service.DinosaurLengthDeterminatorTest" file="/home/jayraj/Documents/Learning/TDD/phpunit/tests/AppBundle/Service/DinosaurLengthDeterminatorTest.php" line="14" assertions="4" time="0.005330"/>
        <testcase name="testItReturnsCorrectLengthRange with data set &quot;default response&quot;" class="Tests\AppBundle\Service\DinosaurLengthDeterminatorTest" classname="Tests.AppBundle.Service.DinosaurLengthDeterminatorTest" file="/home/jayraj/Documents/Learning/TDD/phpunit/tests/AppBundle/Service/DinosaurLengthDeterminatorTest.php" line="14" assertions="4" time="0.005148"/>
        <testcase name="testItReturnsCorrectLengthRange with data set #1" class="Tests\AppBundle\Service\DinosaurLengthDeterminatorTest" classname="Tests.AppBundle.Service.DinosaurLengthDeterminatorTest" file="/home/jayraj/Documents/Learning/TDD/phpunit/tests/AppBundle/Service/DinosaurLengthDeterminatorTest.php" line="14" assertions="4" time="0.004368"/>
        <testcase name="testItReturnsCorrectLengthRange with data set #2" class="Tests\AppBundle\Service\DinosaurLengthDeterminatorTest" classname="Tests.AppBundle.Service.DinosaurLengthDeterminatorTest" file="/home/jayraj/Documents/Learning/TDD/phpunit/tests/AppBundle/Service/DinosaurLengthDeterminatorTest.php" line="14" assertions="4" time="0.004722"/>
        <testcase name="testItReturnsCorrectLengthRange with data set #3" class="Tests\AppBundle\Service\DinosaurLengthDeterminatorTest" classname="Tests.AppBundle.Service.DinosaurLengthDeterminatorTest" file="/home/jayraj/Documents/Learning/TDD/phpunit/tests/AppBundle/Service/DinosaurLengthDeterminatorTest.php" line="14" assertions="4" time="0.003880"/>
        <testcase name="testItReturnsCorrectLengthRange with data set #4" class="Tests\AppBundle\Service\DinosaurLengthDeterminatorTest" classname="Tests.AppBundle.Service.DinosaurLengthDeterminatorTest" file="/home/jayraj/Documents/Learning/TDD/phpunit/tests/AppBundle/Service/DinosaurLengthDeterminatorTest.php" line="14" assertions="4" time="0.004239"/>
        <testcase name="testItReturnsCorrectLengthRange with data set #5" class="Tests\AppBundle\Service\DinosaurLengthDeterminatorTest" classname="Tests.AppBundle.Service.DinosaurLengthDeterminatorTest" file="/home/jayraj/Documents/Learning/TDD/phpunit/tests/AppBundle/Service/DinosaurLengthDeterminatorTest.php" line="14" assertions="4" time="0.003961"/>
        <testcase name="testItReturnsCorrectLengthRange with data set #6" class="Tests\AppBundle\Service\DinosaurLengthDeterminatorTest" classname="Tests.AppBundle.Service.DinosaurLengthDeterminatorTest" file="/home/jayraj/Documents/Learning/TDD/phpunit/tests/AppBundle/Service/DinosaurLengthDeterminatorTest.php" line="14" assertions="4" time="0.003419"/>
      </testsuite>
    </testsuite>
    <testsuite name="Tests\AppBundle\Service\EnclosureBuilderServiceIntegrationTest" file="/home/jayraj/Documents/Learning/TDD/phpunit/tests/AppBundle/Service/EnclosureBuilderServiceIntegrationTest.php" tests="1" assertions="2" errors="0" failures="0" skipped="0" time="0.482240">
      <testcase name="testItBuildsEnclosureWithDefaultSpecifications" class="Tests\AppBundle\Service\EnclosureBuilderServiceIntegrationTest" classname="Tests.AppBundle.Service.EnclosureBuilderServiceIntegrationTest" file="/home/jayraj/Documents/Learning/TDD/phpunit/tests/AppBundle/Service/EnclosureBuilderServiceIntegrationTest.php" line="28" assertions="2" time="0.482240"/>
    </testsuite>
    <testsuite name="Tests\AppBundle\Service\EnclosureBuilderServiceProphecyTest" file="/home/jayraj/Documents/Learning/TDD/phpunit/tests/AppBundle/Service/EnclosureBuilderServiceProphecyTest.php" tests="1" assertions="5" errors="0" failures="0" skipped="0" time="0.114815">
      <testcase name="testItBuildsAndPersistsEnclosure" class="Tests\AppBundle\Service\EnclosureBuilderServiceProphecyTest" classname="Tests.AppBundle.Service.EnclosureBuilderServiceProphecyTest" file="/home/jayraj/Documents/Learning/TDD/phpunit/tests/AppBundle/Service/EnclosureBuilderServiceProphecyTest.php" line="15" assertions="5" time="0.114815"/>
    </testsuite>
    <testsuite name="Tests\AppBundle\Service\EnclosureBuilderServiceTest" file="/home/jayraj/Documents/Learning/TDD/phpunit/tests/AppBundle/Service/EnclosureBuilderServiceTest.php" tests="1" assertions="4" errors="0" failures="0" skipped="0" time="0.037536">
      <testcase name="testItBuildsAndPersistsEnclosure" class="Tests\AppBundle\Service\EnclosureBuilderServiceTest" classname="Tests.AppBundle.Service.EnclosureBuilderServiceTest" file="/home/jayraj/Documents/Learning/TDD/phpunit/tests/AppBundle/Service/EnclosureBuilderServiceTest.php" line="14" assertions="4" time="0.037536"/>
    </testsuite>
  </testsuite>
</testsuites>
