<?xml version="1.0" encoding="UTF-8"?>
<coverage generated="1548932648">
  <project timestamp="1548932648">
    <package name="AppBundle">
      <file name="/home/jayraj/Documents/Learning/TDD/phpunit/src/AppBundle/AppBundle.php">
        <class name="AppBundle\AppBundle" namespace="AppBundle">
          <metrics complexity="0" methods="0" coveredmethods="0" conditionals="0" coveredconditionals="0" statements="0" coveredstatements="0" elements="0" coveredelements="0"/>
        </class>
        <metrics loc="9" ncloc="9" classes="0" methods="0" coveredmethods="0" conditionals="0" coveredconditionals="0" statements="0" coveredstatements="0" elements="0" coveredelements="0"/>
      </file>
    </package>
    <package name="AppBundle\Controller">
      <file name="/home/jayraj/Documents/Learning/TDD/phpunit/src/AppBundle/Controller/DefaultController.php">
        <class name="AppBundle\Controller\DefaultController" namespace="AppBundle\Controller">
          <metrics complexity="2" methods="2" coveredmethods="2" conditionals="0" coveredconditionals="0" statements="15" coveredstatements="15" elements="17" coveredelements="17"/>
        </class>
        <line num="17" type="method" name="indexAction" visibility="public" complexity="1" crap="1" count="3"/>
        <line num="19" type="stmt" count="3"/>
        <line num="20" type="stmt" count="3"/>
        <line num="28" type="method" name="growAction" visibility="public" complexity="1" crap="1" count="1"/>
        <line num="30" type="stmt" count="1"/>
        <line num="32" type="stmt" count="1"/>
        <line num="33" type="stmt" count="1"/>
        <line num="35" type="stmt" count="1"/>
        <line num="36" type="stmt" count="1"/>
        <line num="38" type="stmt" count="1"/>
        <line num="39" type="stmt" count="1"/>
        <line num="41" type="stmt" count="1"/>
        <line num="43" type="stmt" count="1"/>
        <line num="44" type="stmt" count="1"/>
        <line num="45" type="stmt" count="1"/>
        <line num="46" type="stmt" count="1"/>
        <line num="49" type="stmt" count="1"/>
        <metrics loc="51" ncloc="42" classes="1" methods="2" coveredmethods="2" conditionals="0" coveredconditionals="0" statements="15" coveredstatements="15" elements="17" coveredelements="17"/>
      </file>
    </package>
    <package name="AppBundle\DataFixtures\ORM">
      <file name="/home/jayraj/Documents/Learning/TDD/phpunit/src/AppBundle/DataFixtures/ORM/LoadBasicParkData.php">
        <class name="AppBundle\DataFixtures\ORM\LoadBasicParkData" namespace="AppBundle\DataFixtures\ORM">
          <metrics complexity="3" methods="3" coveredmethods="1" conditionals="0" coveredconditionals="0" statements="19" coveredstatements="1" elements="22" coveredelements="2"/>
        </class>
        <line num="13" type="method" name="load" visibility="public" complexity="1" crap="2.00" count="0"/>
        <line num="15" type="stmt" count="0"/>
        <line num="16" type="stmt" count="0"/>
        <line num="17" type="stmt" count="0"/>
        <line num="19" type="stmt" count="0"/>
        <line num="20" type="stmt" count="0"/>
        <line num="21" type="stmt" count="0"/>
        <line num="23" type="stmt" count="0"/>
        <line num="25" type="stmt" count="0"/>
        <line num="26" type="stmt" count="0"/>
        <line num="27" type="stmt" count="0"/>
        <line num="29" type="stmt" count="0"/>
        <line num="31" type="stmt" count="0"/>
        <line num="32" type="stmt" count="0"/>
        <line num="34" type="method" name="getOrder" visibility="public" complexity="1" crap="1" count="3"/>
        <line num="36" type="stmt" count="3"/>
        <line num="39" type="method" name="addDinosaur" visibility="private" complexity="1" crap="2.00" count="0"/>
        <line num="47" type="stmt" count="0"/>
        <line num="48" type="stmt" count="0"/>
        <line num="49" type="stmt" count="0"/>
        <line num="51" type="stmt" count="0"/>
        <line num="52" type="stmt" count="0"/>
        <metrics loc="53" ncloc="53" classes="1" methods="3" coveredmethods="1" conditionals="0" coveredconditionals="0" statements="19" coveredstatements="1" elements="22" coveredelements="2"/>
      </file>
      <file name="/home/jayraj/Documents/Learning/TDD/phpunit/src/AppBundle/DataFixtures/ORM/LoadSecurityData.php">
        <class name="AppBundle\DataFixtures\ORM\LoadSecurityData" namespace="AppBundle\DataFixtures\ORM">
          <metrics complexity="3" methods="3" coveredmethods="1" conditionals="0" coveredconditionals="0" statements="10" coveredstatements="1" elements="13" coveredelements="2"/>
        </class>
        <line num="13" type="method" name="load" visibility="public" complexity="1" crap="2.00" count="0"/>
        <line num="16" type="stmt" count="0"/>
        <line num="18" type="stmt" count="0"/>
        <line num="20" type="stmt" count="0"/>
        <line num="22" type="stmt" count="0"/>
        <line num="23" type="stmt" count="0"/>
        <line num="25" type="stmt" count="0"/>
        <line num="26" type="stmt" count="0"/>
        <line num="28" type="method" name="getOrder" visibility="public" complexity="1" crap="1" count="3"/>
        <line num="30" type="stmt" count="3"/>
        <line num="33" type="method" name="addSecurity" visibility="private" complexity="1" crap="2.00" count="0"/>
        <line num="38" type="stmt" count="0"/>
        <line num="39" type="stmt" count="0"/>
        <metrics loc="40" ncloc="40" classes="1" methods="3" coveredmethods="1" conditionals="0" coveredconditionals="0" statements="10" coveredstatements="1" elements="13" coveredelements="2"/>
      </file>
    </package>
    <package name="AppBundle\Entity">
      <file name="/home/jayraj/Documents/Learning/TDD/phpunit/src/AppBundle/Entity/Dinosaur.php">
        <class name="AppBundle\Entity\Dinosaur" namespace="AppBundle\Entity">
          <metrics complexity="8" methods="7" coveredmethods="7" conditionals="0" coveredconditionals="0" statements="15" coveredstatements="15" elements="22" coveredelements="22"/>
        </class>
        <line num="46" type="method" name="__construct" visibility="public" complexity="1" crap="1" count="16"/>
        <line num="48" type="stmt" count="16"/>
        <line num="49" type="stmt" count="16"/>
        <line num="50" type="stmt" count="16"/>
        <line num="55" type="method" name="getLength" visibility="public" complexity="1" crap="1" count="6"/>
        <line num="57" type="stmt" count="6"/>
        <line num="63" type="method" name="setLength" visibility="public" complexity="1" crap="1" count="8"/>
        <line num="65" type="stmt" count="8"/>
        <line num="66" type="stmt" count="8"/>
        <line num="68" type="method" name="getSpecification" visibility="public" complexity="2" crap="2" count="2"/>
        <line num="70" type="stmt" count="2"/>
        <line num="71" type="stmt" count="2"/>
        <line num="72" type="stmt" count="2"/>
        <line num="73" type="stmt" count="2"/>
        <line num="74" type="stmt" count="2"/>
        <line num="78" type="method" name="getGenus" visibility="public" complexity="1" crap="1" count="1"/>
        <line num="80" type="stmt" count="1"/>
        <line num="83" type="method" name="setEnclosure" visibility="public" complexity="1" crap="1" count="1"/>
        <line num="85" type="stmt" count="1"/>
        <line num="86" type="stmt" count="1"/>
        <line num="91" type="method" name="isCarnivorous" visibility="public" complexity="1" crap="1" count="9"/>
        <line num="93" type="stmt" count="9"/>
        <metrics loc="95" ncloc="62" classes="1" methods="7" coveredmethods="7" conditionals="0" coveredconditionals="0" statements="15" coveredstatements="15" elements="22" coveredelements="22"/>
      </file>
      <file name="/home/jayraj/Documents/Learning/TDD/phpunit/src/AppBundle/Entity/Enclosure.php">
        <class name="AppBundle\Entity\Enclosure" namespace="AppBundle\Entity">
          <metrics complexity="16" methods="9" coveredmethods="9" conditionals="0" coveredconditionals="0" statements="23" coveredstatements="23" elements="32" coveredelements="32"/>
        </class>
        <line num="36" type="method" name="__construct" visibility="public" complexity="2" crap="2" count="8"/>
        <line num="38" type="stmt" count="8"/>
        <line num="39" type="stmt" count="8"/>
        <line num="41" type="stmt" count="8"/>
        <line num="42" type="stmt" count="3"/>
        <line num="44" type="stmt" count="8"/>
        <line num="46" type="method" name="addDinosaur" visibility="public" complexity="3" crap="3" count="8"/>
        <line num="48" type="stmt" count="8"/>
        <line num="49" type="stmt" count="1"/>
        <line num="52" type="stmt" count="7"/>
        <line num="53" type="stmt" count="2"/>
        <line num="55" type="stmt" count="7"/>
        <line num="56" type="stmt" count="7"/>
        <line num="58" type="method" name="getDinosaurs" visibility="public" complexity="1" crap="1" count="4"/>
        <line num="60" type="stmt" count="4"/>
        <line num="63" type="method" name="canAddDinosaur" visibility="private" complexity="2" crap="2" count="7"/>
        <line num="65" type="stmt" count="7"/>
        <line num="66" type="stmt" count="7"/>
        <line num="69" type="method" name="isSecurityActive" visibility="public" complexity="3" crap="3" count="10"/>
        <line num="71" type="stmt" count="10"/>
        <line num="72" type="stmt" count="9"/>
        <line num="73" type="stmt" count="9"/>
        <line num="76" type="stmt" count="4"/>
        <line num="79" type="method" name="addSecurity" visibility="public" complexity="1" crap="1" count="6"/>
        <line num="81" type="stmt" count="6"/>
        <line num="82" type="stmt" count="6"/>
        <line num="84" type="method" name="getSecurities" visibility="public" complexity="1" crap="1" count="2"/>
        <line num="86" type="stmt" count="2"/>
        <line num="89" type="method" name="getId" visibility="public" complexity="2" crap="2" count="3"/>
        <line num="91" type="stmt" count="3"/>
        <line num="93" type="method" name="getDinosaurCount" visibility="public" complexity="1" crap="1" count="3"/>
        <line num="95" type="stmt" count="3"/>
        <metrics loc="96" ncloc="80" classes="1" methods="9" coveredmethods="9" conditionals="0" coveredconditionals="0" statements="23" coveredstatements="23" elements="32" coveredelements="32"/>
      </file>
      <file name="/home/jayraj/Documents/Learning/TDD/phpunit/src/AppBundle/Entity/Security.php">
        <class name="AppBundle\Entity\Security" namespace="AppBundle\Entity">
          <metrics complexity="3" methods="3" coveredmethods="2" conditionals="0" coveredconditionals="0" statements="6" coveredstatements="5" elements="9" coveredelements="7"/>
        </class>
        <line num="30" type="method" name="__construct" visibility="public" complexity="1" crap="1" count="6"/>
        <line num="32" type="stmt" count="6"/>
        <line num="33" type="stmt" count="6"/>
        <line num="34" type="stmt" count="6"/>
        <line num="35" type="stmt" count="6"/>
        <line num="36" type="method" name="getIsActive" visibility="public" complexity="1" crap="1" count="9"/>
        <line num="38" type="stmt" count="9"/>
        <line num="44" type="method" name="getName" visibility="public" complexity="1" crap="2.00" count="0"/>
        <line num="46" type="stmt" count="0"/>
        <metrics loc="47" ncloc="26" classes="1" methods="3" coveredmethods="2" conditionals="0" coveredconditionals="0" statements="6" coveredstatements="5" elements="9" coveredelements="7"/>
      </file>
    </package>
    <package name="AppBundle\Exception">
      <file name="/home/jayraj/Documents/Learning/TDD/phpunit/src/AppBundle/Exception/DinosaursAreRunningRampantException.php">
        <class name="AppBundle\Exception\DinosaursAreRunningRampantException" namespace="AppBundle\Exception">
          <metrics complexity="0" methods="0" coveredmethods="0" conditionals="0" coveredconditionals="0" statements="0" coveredstatements="0" elements="0" coveredelements="0"/>
        </class>
        <metrics loc="6" ncloc="6" classes="0" methods="0" coveredmethods="0" conditionals="0" coveredconditionals="0" statements="0" coveredstatements="0" elements="0" coveredelements="0"/>
      </file>
      <file name="/home/jayraj/Documents/Learning/TDD/phpunit/src/AppBundle/Exception/NotABuffetException.php">
        <class name="AppBundle\Exception\NotABuffetException" namespace="AppBundle\Exception">
          <metrics complexity="0" methods="0" coveredmethods="0" conditionals="0" coveredconditionals="0" statements="0" coveredstatements="0" elements="0" coveredelements="0"/>
        </class>
        <metrics loc="7" ncloc="5" classes="0" methods="0" coveredmethods="0" conditionals="0" coveredconditionals="0" statements="0" coveredstatements="0" elements="0" coveredelements="0"/>
      </file>
    </package>
    <package name="AppBundle\Factory">
      <file name="/home/jayraj/Documents/Learning/TDD/phpunit/src/AppBundle/Factory/DinosaurFactory.php">
        <class name="AppBundle\Factory\DinosaurFactory" namespace="AppBundle\Factory">
          <metrics complexity="5" methods="4" coveredmethods="4" conditionals="0" coveredconditionals="0" statements="13" coveredstatements="13" elements="17" coveredelements="17"/>
        </class>
        <line num="16" type="method" name="__construct" visibility="public" complexity="1" crap="1" count="5"/>
        <line num="18" type="stmt" count="5"/>
        <line num="19" type="stmt" count="5"/>
        <line num="21" type="method" name="growVelociraptor" visibility="public" complexity="1" crap="1" count="1"/>
        <line num="26" type="stmt" count="1"/>
        <line num="30" type="method" name="growFromSpecification" visibility="public" complexity="2" crap="2" count="4"/>
        <line num="32" type="stmt" count="4"/>
        <line num="33" type="stmt" count="4"/>
        <line num="35" type="stmt" count="4"/>
        <line num="38" type="stmt" count="4"/>
        <line num="39" type="stmt" count="1"/>
        <line num="41" type="stmt" count="4"/>
        <line num="42" type="stmt" count="4"/>
        <line num="45" type="method" name="createDinosaur" visibility="private" complexity="1" crap="1" count="5"/>
        <line num="47" type="stmt" count="5"/>
        <line num="48" type="stmt" count="5"/>
        <line num="50" type="stmt" count="5"/>
        <metrics loc="51" ncloc="41" classes="1" methods="4" coveredmethods="4" conditionals="0" coveredconditionals="0" statements="13" coveredstatements="13" elements="17" coveredelements="17"/>
      </file>
    </package>
    <package name="AppBundle\Service">
      <file name="/home/jayraj/Documents/Learning/TDD/phpunit/src/AppBundle/Service/DinosaurLengthDeterminator.php">
        <class name="AppBundle\Service\DinosaurLengthDeterminator" namespace="AppBundle\Service">
          <metrics complexity="3" methods="1" coveredmethods="1" conditionals="0" coveredconditionals="0" statements="10" coveredstatements="10" elements="11" coveredelements="11"/>
        </class>
        <line num="9" type="method" name="getLengthFromSpecification" visibility="public" complexity="3" crap="3" count="9"/>
        <line num="12" type="stmt" count="9"/>
        <line num="17" type="stmt" count="9"/>
        <line num="18" type="stmt" count="9"/>
        <line num="19" type="stmt" count="9"/>
        <line num="20" type="stmt" count="9"/>
        <line num="21" type="stmt" count="9"/>
        <line num="22" type="stmt" count="8"/>
        <line num="23" type="stmt" count="8"/>
        <line num="24" type="stmt" count="9"/>
        <line num="27" type="stmt" count="9"/>
        <metrics loc="28" ncloc="28" classes="1" methods="1" coveredmethods="1" conditionals="0" coveredconditionals="0" statements="10" coveredstatements="10" elements="11" coveredelements="11"/>
      </file>
      <file name="/home/jayraj/Documents/Learning/TDD/phpunit/src/AppBundle/Service/EnclosureBuilderService.php">
        <class name="AppBundle\Service\EnclosureBuilderService" namespace="AppBundle\Service">
          <metrics complexity="6" methods="4" coveredmethods="4" conditionals="0" coveredconditionals="0" statements="21" coveredstatements="21" elements="25" coveredelements="25"/>
        </class>
        <line num="22" type="method" name="__construct" visibility="public" complexity="1" crap="1" count="3"/>
        <line num="27" type="stmt" count="3"/>
        <line num="28" type="stmt" count="3"/>
        <line num="29" type="stmt" count="3"/>
        <line num="31" type="method" name="buildEnclosure" visibility="public" complexity="1" crap="1" count="3"/>
        <line num="36" type="stmt" count="3"/>
        <line num="38" type="stmt" count="3"/>
        <line num="40" type="stmt" count="3"/>
        <line num="42" type="stmt" count="3"/>
        <line num="43" type="stmt" count="3"/>
        <line num="45" type="stmt" count="3"/>
        <line num="48" type="method" name="addSecuritySystems" visibility="private" complexity="2" crap="2" count="3"/>
        <line num="50" type="stmt" count="3"/>
        <line num="51" type="stmt" count="3"/>
        <line num="52" type="stmt" count="3"/>
        <line num="54" type="stmt" count="3"/>
        <line num="56" type="stmt" count="3"/>
        <line num="58" type="method" name="addDinosaurs" visibility="private" complexity="2" crap="2" count="3"/>
        <line num="60" type="stmt" count="3"/>
        <line num="61" type="stmt" count="3"/>
        <line num="62" type="stmt" count="3"/>
        <line num="63" type="stmt" count="3"/>
        <line num="64" type="stmt" count="3"/>
        <line num="66" type="stmt" count="3"/>
        <line num="68" type="stmt" count="3"/>
        <metrics loc="69" ncloc="63" classes="1" methods="4" coveredmethods="4" conditionals="0" coveredconditionals="0" statements="21" coveredstatements="21" elements="25" coveredelements="25"/>
      </file>
    </package>
    <metrics files="12" loc="552" ncloc="455" classes="9" methods="36" coveredmethods="31" conditionals="0" coveredconditionals="0" statements="132" coveredstatements="104" elements="168" coveredelements="135"/>
  </project>
</coverage>
